#
# A fatal error has been detected by the Java Runtime Environment:
#
#  SIGSEGV (0xb) at pc=0x000000010f246914, pid=905, tid=16643
#
# JRE version: Java(TM) SE Runtime Environment (8.0_60-b27) (build 1.8.0_60-b27)
# Java VM: Java HotSpot(TM) 64-Bit Server VM (25.60-b23 mixed mode bsd-amd64 compressed oops)
# Problematic frame:
# V  [libjvm.dylib+0x446914]  Method::checked_resolve_jmethod_id(_jmethodID*)+0xe
#
# Failed to write core dump. Core dumps have been disabled. To enable core dumping, try "ulimit -c unlimited" before starting Java again
#
# If you would like to submit a bug report, please visit:
#   http://bugreport.java.com/bugreport/crash.jsp
#

---------------  T H R E A D  ---------------

Current thread (0x00007faef481f800):  JavaThread "JDWP Transport Listener: dt_socket" daemon [_thread_in_vm, id=16643, stack(0x00000001e7ab3000,0x00000001e7bb3000)]

siginfo: si_signo: 11 (SIGSEGV), si_code: 0 (unknown), si_addr: 0x0000000000000000

Registers:
RAX=0x0000000000000001, RBX=0x00000001e7bb2a8b, RCX=0x000000010f615310, RDX=0x00000001e7bb2a8b
RSP=0x00000001e7bb29d0, RBP=0x00000001e7bb29e0, RSI=0x00007faef481f800, RDI=0x0002000000000000
R8 =0x0000000000000001, R9 =0x00007faef6900000, R10=0x0000000000000020, R11=0x00007faef6900000
R12=0x00007faef481f800, R13=0x0002000000000000, R14=0x0002000000000000, R15=0x00007faef2e02400
RIP=0x000000010f246914, EFLAGS=0x0000000000010206, ERR=0x0000000000000000
  TRAPNO=0x000000000000000d

Top of Stack: (sp=0x00000001e7bb29d0)
0x00000001e7bb29d0:   00000001e7bb2a8b 00000001e7bb2a8b
0x00000001e7bb29e0:   00000001e7bb2a40 000000010f155a0e
0x00000001e7bb29f0:   00007faef481f800 0000000000000000
0x00000001e7bb2a00:   0000000000000000 0000000000000000
0x00000001e7bb2a10:   00007faef481f800 00007faef481f800
0x00000001e7bb2a20:   00000001e7bb2a8b 00000001e7bb2a90
0x00000001e7bb2a30:   0002000000000000 0000000000000003
0x00000001e7bb2a40:   00000001e7bb2a60 000000010fdde780
0x00000001e7bb2a50:   0000000000000001 00000001e7bb2b08
0x00000001e7bb2a60:   00000001e7bb2ad0 000000010fdc31f3
0x00000001e7bb2a70:   00000001e7bb2aa0 00007faef69a7830
0x00000001e7bb2a80:   0000000400000032 f000100a01bb2b08
0x00000001e7bb2a90:   0000000000000000 0000000000000000
0x00000001e7bb2aa0:   0000000000000000 00000001e7bb2c90
0x00000001e7bb2ab0:   000000010fde5e7a 00007faef693e0b0
0x00000001e7bb2ac0:   00000001e7bb2b08 000000010fdf1598
0x00000001e7bb2ad0:   00000001e7bb2ae0 000000010fdc32ec
0x00000001e7bb2ae0:   00000001e7bb2d00 000000010fdcc898
0x00000001e7bb2af0:   00002b0a00000013 00000000000f0200
0x00000001e7bb2b00:   00007faef69acdf0 00000001e7bb2c3b
0x00000001e7bb2b10:   00007fae00000049 00000001e7bb2b20
0x00000001e7bb2b20:   00007fae000000e3 00000001e7bb2b58
0x00000001e7bb2b30:   0000000000000000 0000000000000000
0x00000001e7bb2b40:   00002b0a0000000f 0000000000000080
0x00000001e7bb2b50:   00000001e7bb2b58 ae7f000004000000
0x00000001e7bb2b60:   1b0000003805c5f2 61246164626d616c
0x00000001e7bb2b70:   706f725072657466 6553736569747265
0x00000001e7bb2b80:   2826000000312474 6170612f67726f4c
0x00000001e7bb2b90:   6b6f6f7a2f656863 61572f7265706565
0x00000001e7bb2ba0:   6576456465686374 00000056293b746e
0x00000001e7bb2bb0:   7f00000a1000f000 000000086b88f6ae
0x00000001e7bb2bc0:   7250726574666112 736569747265706f 

Instructions: (pc=0x000000010f246914)
0x000000010f2468f4:   40 48 48 85 c0 75 e0 30 c0 0f b6 c0 5d c3 31 c0
0x000000010f246904:   5d c3 55 48 89 e5 53 48 83 ec 08 48 85 ff 74 24
0x000000010f246914:   48 8b 1f 48 85 db 74 1c 48 83 fb 37 74 16 48 8b
0x000000010f246924:   03 48 89 df ff 50 10 84 c0 b8 00 00 00 00 48 0f 

Register to memory mapping:

RAX=0x0000000000000001 is an unknown value
RBX=0x00000001e7bb2a8b is pointing into the stack for thread: 0x00007faef481f800
RCX=0x000000010f615310: UseMembar+0 in /Library/Java/JavaVirtualMachines/jdk1.8.0_60.jdk/Contents/Home/jre/lib/server/libjvm.dylib at 0x000000010ee00000
RDX=0x00000001e7bb2a8b is pointing into the stack for thread: 0x00007faef481f800
RSP=0x00000001e7bb29d0 is pointing into the stack for thread: 0x00007faef481f800
RBP=0x00000001e7bb29e0 is pointing into the stack for thread: 0x00007faef481f800
RSI=0x00007faef481f800 is a thread
RDI=0x0002000000000000 is an unknown value
R8 =0x0000000000000001 is an unknown value
R9 =0x00007faef6900000 is an unknown value
R10=0x0000000000000020 is an unknown value
R11=0x00007faef6900000 is an unknown value
R12=0x00007faef481f800 is a thread
R13=0x0002000000000000 is an unknown value
R14=0x0002000000000000 is an unknown value
R15=0x00007faef2e02400 is an unknown value


Stack: [0x00000001e7ab3000,0x00000001e7bb3000],  sp=0x00000001e7bb29d0,  free space=1022k
Native frames: (J=compiled Java code, j=interpreted, Vv=VM code, C=native code)
V  [libjvm.dylib+0x446914]  Method::checked_resolve_jmethod_id(_jmethodID*)+0xe
V  [libjvm.dylib+0x355a0e]  jvmti_IsMethodSynthetic+0xb2
C  [libjdwp.dylib+0x20780]  isMethodSynthetic+0x63
C  [libjdwp.dylib+0x51f3]  methods1+0x10b
C  [libjdwp.dylib+0x52ec]  methodsWithGeneric+0xe
C  [libjdwp.dylib+0xe898]  debugLoop_run+0x1ce
C  [libjdwp.dylib+0x1f6ba]  attachThread+0x4d
V  [libjvm.dylib+0x396d6c]  JvmtiAgentThread::call_start_function()+0x38
V  [libjvm.dylib+0x5612d3]  JavaThread::thread_main_inner()+0x9b
V  [libjvm.dylib+0x5629ce]  JavaThread::run()+0x1c2
V  [libjvm.dylib+0x48343a]  java_start(Thread*)+0xf6
C  [libsystem_pthread.dylib+0x3268]  _pthread_body+0x83
C  [libsystem_pthread.dylib+0x31e5]  _pthread_body+0x0
C  [libsystem_pthread.dylib+0x141d]  thread_start+0xd
C  0x0000000000000000


---------------  P R O C E S S  ---------------

Java Threads: ( => current thread )
  0x00007faef98a0000 JavaThread "Timer-1-EventThread" daemon [_thread_blocked, id=13831, stack(0x00000001eac0c000,0x00000001ead0c000)]
  0x00007faef94f6000 JavaThread "Timer-1-SendThread(127.0.0.1:2181)" daemon [_thread_in_native, id=12299, stack(0x00000001ea899000,0x00000001ea999000)]
  0x00007faef9a19800 JavaThread "Timer-2" daemon [_thread_blocked, id=22791, stack(0x00000001e9d2b000,0x00000001e9e2b000)]
  0x00007faef8954800 JavaThread "Timer-1" daemon [_thread_blocked, id=12039, stack(0x00000001e96d7000,0x00000001e97d7000)]
  0x00007faef503f000 JavaThread "main-EventThread" daemon [_thread_blocked, id=24835, stack(0x00000001eb52c000,0x00000001eb62c000)]
  0x00007faef3b57800 JavaThread "main-SendThread(127.0.0.1:2181)" daemon [_thread_in_native, id=24583, stack(0x00000001eb429000,0x00000001eb529000)]
  0x00007faef6180800 JavaThread "btpool0-1 - Acceptor0 SelectChannelConnector@0.0.0.0:8601" [_thread_in_native, id=22275, stack(0x00000001e9102000,0x00000001e9202000)]
  0x00007faef5143000 JavaThread "btpool0-0" [_thread_blocked, id=21763, stack(0x00000001e8f64000,0x00000001e9064000)]
  0x00007faef361a000 JavaThread "StopMonitor" daemon [_thread_in_native, id=21251, stack(0x00000001e8778000,0x00000001e8878000)]
  0x00007faef387a000 JavaThread "Service Thread" daemon [_thread_blocked, id=19715, stack(0x00000001e80c5000,0x00000001e81c5000)]
  0x00007faef403a800 JavaThread "C1 CompilerThread2" daemon [_thread_blocked, id=19203, stack(0x00000001e7fc2000,0x00000001e80c2000)]
  0x00007faef403a000 JavaThread "C2 CompilerThread1" daemon [_thread_blocked, id=18691, stack(0x00000001e7ebf000,0x00000001e7fbf000)]
  0x00007faef3821800 JavaThread "C2 CompilerThread0" daemon [_thread_blocked, id=18179, stack(0x00000001e7dbc000,0x00000001e7ebc000)]
  0x00007faef382a800 JavaThread "JDWP Command Reader" daemon [_thread_in_native, id=17667, stack(0x00000001e7cb9000,0x00000001e7db9000)]
  0x00007faef4820800 JavaThread "JDWP Event Helper Thread" daemon [_thread_blocked, id=17155, stack(0x00000001e7bb6000,0x00000001e7cb6000)]
=>0x00007faef481f800 JavaThread "JDWP Transport Listener: dt_socket" daemon [_thread_in_vm, id=16643, stack(0x00000001e7ab3000,0x00000001e7bb3000)]
  0x00007faef481e000 JavaThread "Signal Dispatcher" daemon [_thread_blocked, id=16155, stack(0x00000001e79a9000,0x00000001e7aa9000)]
  0x00007faef4017000 JavaThread "Finalizer" daemon [_thread_blocked, id=11523, stack(0x00000001e5f8d000,0x00000001e608d000)]
  0x00007faef4016000 JavaThread "Reference Handler" daemon [_thread_blocked, id=11011, stack(0x00000001e5e8a000,0x00000001e5f8a000)]
  0x00007faef3807800 JavaThread "main" [_thread_blocked, id=4867, stack(0x000000010e4e2000,0x000000010e5e2000)]

Other Threads:
  0x00007faef4812000 VMThread [stack: 0x00000001e5d87000,0x00000001e5e87000] [id=10499]
  0x00007faef303b000 WatcherThread [stack: 0x00000001e81c8000,0x00000001e82c8000] [id=20227]

VM state:not at safepoint (normal execution)

VM Mutex/Monitor currently owned by a thread: None

Heap:
 PSYoungGen      total 108032K, used 61386K [0x0000000174980000, 0x000000017e200000, 0x000000019f400000)
  eden space 97280K, 52% used [0x0000000174980000,0x0000000177af9638,0x000000017a880000)
  from space 10752K, 99% used [0x000000017d780000,0x000000017e1f9500,0x000000017e200000)
  to   space 13312K, 0% used [0x000000017c800000,0x000000017c800000,0x000000017d500000)
 ParOldGen       total 70656K, used 14476K [0x000000011f400000, 0x0000000123900000, 0x0000000174980000)
  object space 70656K, 20% used [0x000000011f400000,0x0000000120223040,0x0000000123900000)
 Metaspace       used 33997K, capacity 34604K, committed 34944K, reserved 1079296K
  class space    used 4216K, capacity 4405K, committed 4480K, reserved 1048576K

Card table byte_map: [0x000000019f400000,0x000000019f801000] byte_map_base: 0x000000019eb06000

Marking Bits: (ParMarkBitMap*) 0x000000010f6dee20
 Begin Bits: [0x000000019feb8000, 0x00000001a1eb8000)
 End Bits:   [0x00000001a1eb8000, 0x00000001a3eb8000)

Polling page: 0x000000010e5f2000

CodeCache: size=245760Kb used=10566Kb max_used=10620Kb free=235193Kb
 bounds [0x000000010fe12000, 0x0000000110882000, 0x000000011ee12000]
 total_blobs=3781 nmethods=3367 adapters=334
 compilation: enabled

Compilation events (10 events):
Event: 1700.680 Thread 0x00007faef403a800 3913       3       java.nio.DirectByteBuffer::getInt (14 bytes)
Event: 1700.680 Thread 0x00007faef403a800 nmethod 3913 0x00000001106c8b50 code [0x00000001106c8ce0, 0x00000001106c8f98]
Event: 1700.680 Thread 0x00007faef403a800 3914       3       java.nio.DirectByteBuffer::getInt (39 bytes)
Event: 1700.680 Thread 0x00007faef403a800 nmethod 3914 0x00000001106c8650 code [0x00000001106c87c0, 0x00000001106c8a70]
Event: 1704.389 Thread 0x00007faef3821800 3919       4       java.io.File::isFile (43 bytes)
Event: 1704.393 Thread 0x00007faef3821800 nmethod 3919 0x00000001106c5110 code [0x00000001106c5280, 0x00000001106c5528]
Event: 1709.908 Thread 0x00007faef403a800 3920   !   3       sun.nio.ch.KQueueSelectorImpl::wakeup (38 bytes)
Event: 1709.909 Thread 0x00007faef403a800 nmethod 3920 0x00000001106c7ed0 code [0x00000001106c8060, 0x00000001106c8488]
Event: 1709.909 Thread 0x00007faef403a800 3921       3       sun.nio.ch.KQueueArrayWrapper::interrupt (8 bytes)
Event: 1709.909 Thread 0x00007faef403a800 nmethod 3921 0x00000001106c4d90 code [0x00000001106c4f00, 0x00000001106c5088]

GC Heap History (10 events):
Event: 3.147 GC heap before
{Heap before GC invocations=3 (full 0):
 PSYoungGen      total 38400K, used 38369K [0x0000000174980000, 0x0000000179480000, 0x000000019f400000)
  eden space 33280K, 100% used [0x0000000174980000,0x0000000176a00000,0x0000000176a00000)
  from space 5120K, 99% used [0x0000000176f00000,0x00000001773f8780,0x0000000177400000)
  to   space 5120K, 0% used [0x0000000176a00000,0x0000000176a00000,0x0000000176f00000)
 ParOldGen       total 87552K, used 1949K [0x000000011f400000, 0x0000000124980000, 0x0000000174980000)
  object space 87552K, 2% used [0x000000011f400000,0x000000011f5e7410,0x0000000124980000)
 Metaspace       used 13770K, capacity 14132K, committed 14336K, reserved 1062912K
  class space    used 1650K, capacity 1762K, committed 1792K, reserved 1048576K
Event: 3.164 GC heap after
Heap after GC invocations=3 (full 0):
 PSYoungGen      total 38400K, used 5104K [0x0000000174980000, 0x0000000179480000, 0x000000019f400000)
  eden space 33280K, 0% used [0x0000000174980000,0x0000000174980000,0x0000000176a00000)
  from space 5120K, 99% used [0x0000000176a00000,0x0000000176efc030,0x0000000176f00000)
  to   space 5120K, 0% used [0x0000000178f80000,0x0000000178f80000,0x0000000179480000)
 ParOldGen       total 87552K, used 2577K [0x000000011f400000, 0x0000000124980000, 0x0000000174980000)
  object space 87552K, 2% used [0x000000011f400000,0x000000011f684540,0x0000000124980000)
 Metaspace       used 13770K, capacity 14132K, committed 14336K, reserved 1062912K
  class space    used 1650K, capacity 1762K, committed 1792K, reserved 1048576K
}
Event: 4.223 GC heap before
{Heap before GC invocations=4 (full 0):
 PSYoungGen      total 38400K, used 38384K [0x0000000174980000, 0x0000000179480000, 0x000000019f400000)
  eden space 33280K, 100% used [0x0000000174980000,0x0000000176a00000,0x0000000176a00000)
  from space 5120K, 99% used [0x0000000176a00000,0x0000000176efc030,0x0000000176f00000)
  to   space 5120K, 0% used [0x0000000178f80000,0x0000000178f80000,0x0000000179480000)
 ParOldGen       total 87552K, used 2577K [0x000000011f400000, 0x0000000124980000, 0x0000000174980000)
  object space 87552K, 2% used [0x000000011f400000,0x000000011f684540,0x0000000124980000)
 Metaspace       used 18543K, capacity 18970K, committed 19072K, reserved 1067008K
  class space    used 2269K, capacity 2420K, committed 2432K, reserved 1048576K
Event: 4.245 GC heap after
Heap after GC invocations=4 (full 0):
 PSYoungGen      total 71680K, used 5114K [0x0000000174980000, 0x0000000179480000, 0x000000019f400000)
  eden space 66560K, 0% used [0x0000000174980000,0x0000000174980000,0x0000000178a80000)
  from space 5120K, 99% used [0x0000000178f80000,0x000000017947e970,0x0000000179480000)
  to   space 5120K, 0% used [0x0000000178a80000,0x0000000178a80000,0x0000000178f80000)
 ParOldGen       total 87552K, used 10566K [0x000000011f400000, 0x0000000124980000, 0x0000000174980000)
  object space 87552K, 12% used [0x000000011f400000,0x000000011fe51910,0x0000000124980000)
 Metaspace       used 18543K, capacity 18970K, committed 19072K, reserved 1067008K
  class space    used 2269K, capacity 2420K, committed 2432K, reserved 1048576K
}
Event: 4.951 GC heap before
{Heap before GC invocations=5 (full 0):
 PSYoungGen      total 71680K, used 34228K [0x0000000174980000, 0x0000000179480000, 0x000000019f400000)
  eden space 66560K, 43% used [0x0000000174980000,0x00000001765ee768,0x0000000178a80000)
  from space 5120K, 99% used [0x0000000178f80000,0x000000017947e970,0x0000000179480000)
  to   space 5120K, 0% used [0x0000000178a80000,0x0000000178a80000,0x0000000178f80000)
 ParOldGen       total 87552K, used 10566K [0x000000011f400000, 0x0000000124980000, 0x0000000174980000)
  object space 87552K, 12% used [0x000000011f400000,0x000000011fe51910,0x0000000124980000)
 Metaspace       used 20768K, capacity 21246K, committed 21296K, reserved 1069056K
  class space    used 2517K, capacity 2686K, committed 2688K, reserved 1048576K
Event: 4.966 GC heap after
Heap after GC invocations=5 (full 0):
 PSYoungGen      total 71680K, used 5099K [0x0000000174980000, 0x000000017e380000, 0x000000019f400000)
  eden space 66560K, 0% used [0x0000000174980000,0x0000000174980000,0x0000000178a80000)
  from space 5120K, 99% used [0x0000000178a80000,0x0000000178f7ae28,0x0000000178f80000)
  to   space 12288K, 0% used [0x000000017d780000,0x000000017d780000,0x000000017e380000)
 ParOldGen       total 87552K, used 13142K [0x000000011f400000, 0x0000000124980000, 0x0000000174980000)
  object space 87552K, 15% used [0x000000011f400000,0x00000001200d59e8,0x0000000124980000)
 Metaspace       used 20768K, capacity 21246K, committed 21296K, reserved 1069056K
  class space    used 2517K, capacity 2686K, committed 2688K, reserved 1048576K
}
Event: 4.966 GC heap before
{Heap before GC invocations=6 (full 1):
 PSYoungGen      total 71680K, used 5099K [0x0000000174980000, 0x000000017e380000, 0x000000019f400000)
  eden space 66560K, 0% used [0x0000000174980000,0x0000000174980000,0x0000000178a80000)
  from space 5120K, 99% used [0x0000000178a80000,0x0000000178f7ae28,0x0000000178f80000)
  to   space 12288K, 0% used [0x000000017d780000,0x000000017d780000,0x000000017e380000)
 ParOldGen       total 87552K, used 13142K [0x000000011f400000, 0x0000000124980000, 0x0000000174980000)
  object space 87552K, 15% used [0x000000011f400000,0x00000001200d59e8,0x0000000124980000)
 Metaspace       used 20768K, capacity 21246K, committed 21296K, reserved 1069056K
  class space    used 2517K, capacity 2686K, committed 2688K, reserved 1048576K
Event: 5.038 GC heap after
Heap after GC invocations=6 (full 1):
 PSYoungGen      total 71680K, used 0K [0x0000000174980000, 0x000000017e380000, 0x000000019f400000)
  eden space 66560K, 0% used [0x0000000174980000,0x0000000174980000,0x0000000178a80000)
  from space 5120K, 0% used [0x0000000178a80000,0x0000000178a80000,0x0000000178f80000)
  to   space 12288K, 0% used [0x000000017d780000,0x000000017d780000,0x000000017e380000)
 ParOldGen       total 70656K, used 14468K [0x000000011f400000, 0x0000000123900000, 0x0000000174980000)
  object space 70656K, 20% used [0x000000011f400000,0x0000000120221040,0x0000000123900000)
 Metaspace       used 20768K, capacity 21246K, committed 21296K, reserved 1069056K
  class space    used 2517K, capacity 2686K, committed 2688K, reserved 1048576K
}
Event: 23.742 GC heap before
{Heap before GC invocations=7 (full 1):
 PSYoungGen      total 71680K, used 66560K [0x0000000174980000, 0x000000017e380000, 0x000000019f400000)
  eden space 66560K, 100% used [0x0000000174980000,0x0000000178a80000,0x0000000178a80000)
  from space 5120K, 0% used [0x0000000178a80000,0x0000000178a80000,0x0000000178f80000)
  to   space 12288K, 0% used [0x000000017d780000,0x000000017d780000,0x000000017e380000)
 ParOldGen       total 70656K, used 14468K [0x000000011f400000, 0x0000000123900000, 0x0000000174980000)
  object space 70656K, 20% used [0x000000011f400000,0x0000000120221040,0x0000000123900000)
 Metaspace       used 30280K, capacity 30812K, committed 31104K, reserved 1077248K
  class space    used 3719K, capacity 3887K, committed 3968K, reserved 1048576K
Event: 23.757 GC heap after
Heap after GC invocations=7 (full 1):
 PSYoungGen      total 108032K, used 10725K [0x0000000174980000, 0x000000017e200000, 0x000000019f400000)
  eden space 97280K, 0% used [0x0000000174980000,0x0000000174980000,0x000000017a880000)
  from space 10752K, 99% used [0x000000017d780000,0x000000017e1f9500,0x000000017e200000)
  to   space 13312K, 0% used [0x000000017c800000,0x000000017c800000,0x000000017d500000)
 ParOldGen       total 70656K, used 14476K [0x000000011f400000, 0x0000000123900000, 0x0000000174980000)
  object space 70656K, 20% used [0x000000011f400000,0x0000000120223040,0x0000000123900000)
 Metaspace       used 30280K, capacity 30812K, committed 31104K, reserved 1077248K
  class space    used 3719K, capacity 3887K, committed 3968K, reserved 1048576K
}

Deoptimization events (10 events):
Event: 6.448 Thread 0x00007faef3b57800 Uncommon trap: reason=bimorphic action=maybe_recompile pc=0x0000000110560b6c method=java.io.DataInputStream.readInt()I @ 4
Event: 6.612 Thread 0x00007faef503f000 Uncommon trap: reason=unstable_if action=reinterpret pc=0x000000011004244c method=java.lang.AbstractStringBuilder.append(Ljava/lang/String;)Ljava/lang/AbstractStringBuilder; @ 1
Event: 11.562 Thread 0x00007faef3b57800 Uncommon trap: reason=bimorphic action=maybe_recompile pc=0x0000000110560b6c method=java.io.DataInputStream.readInt()I @ 4
Event: 23.640 Thread 0x00007faef8954800 Uncommon trap: reason=unstable_if action=reinterpret pc=0x00000001105bf634 method=java.lang.ThreadLocal$ThreadLocalMap.getEntry(Ljava/lang/ThreadLocal;)Ljava/lang/ThreadLocal$ThreadLocalMap$Entry; @ 29
Event: 23.647 Thread 0x00007faef8954800 Uncommon trap: reason=null_check action=make_not_entrant pc=0x00000001102f3230 method=com.sun.org.apache.xerces.internal.utils.XMLLimitAnalyzer.isTracking(Ljava/lang/String;)Z @ 14
Event: 23.994 Thread 0x00007faef8954800 Uncommon trap: reason=bimorphic action=maybe_recompile pc=0x000000011022d258 method=java.util.Hashtable.addEntry(ILjava/lang/Object;Ljava/lang/Object;I)V @ 38
Event: 24.158 Thread 0x00007faef8954800 Uncommon trap: reason=bimorphic action=maybe_recompile pc=0x000000011022d258 method=java.util.Hashtable.addEntry(ILjava/lang/Object;Ljava/lang/Object;I)V @ 38
Event: 24.461 Thread 0x00007faef8954800 Uncommon trap: reason=unstable_if action=reinterpret pc=0x00000001106ccb84 method=java.lang.Class$MethodArray.matchesNameAndDescriptor(Ljava/lang/reflect/Method;Ljava/lang/reflect/Method;)Z @ 33
Event: 24.500 Thread 0x00007faef8954800 Uncommon trap: reason=bimorphic action=maybe_recompile pc=0x000000011022d258 method=java.util.Hashtable.addEntry(ILjava/lang/Object;Ljava/lang/Object;I)V @ 38
Event: 24.906 Thread 0x00007faef8954800 Uncommon trap: reason=bimorphic action=maybe_recompile pc=0x000000011022d258 method=java.util.Hashtable.addEntry(ILjava/lang/Object;Ljava/lang/Object;I)V @ 38

Internal exceptions (10 events):
Event: 33.896 Thread 0x00007faef8954800 Exception <a 'java/lang/ClassNotFoundException': org/springframework/context/support/ApplicationObjectSupportBeanInfo> (0x0000000176d90118) thrown at [/Users/java_re/workspace/8-2-build-macosx-x86_64/jdk8u60/4407/hotspot/src/share/vm/classfile/systemDicti
Event: 33.897 Thread 0x00007faef8954800 Exception <a 'java/lang/ClassNotFoundException': org/springframework/context/support/ApplicationObjectSupportCustomizer> (0x0000000176da6618) thrown at [/Users/java_re/workspace/8-2-build-macosx-x86_64/jdk8u60/4407/hotspot/src/share/vm/classfile/systemDic
Event: 33.898 Thread 0x00007faef8954800 Exception <a 'java/lang/ClassNotFoundException': org/springframework/web/context/support/WebApplicationObjectSupportCustomizer> (0x0000000176dc2e18) thrown at [/Users/java_re/workspace/8-2-build-macosx-x86_64/jdk8u60/4407/hotspot/src/share/vm/classfile/sy
Event: 33.899 Thread 0x00007faef8954800 Exception <a 'java/lang/ClassNotFoundException': org/springframework/web/servlet/view/AbstractCachingViewResolverCustomizer> (0x0000000176ddc430) thrown at [/Users/java_re/workspace/8-2-build-macosx-x86_64/jdk8u60/4407/hotspot/src/share/vm/classfile/syste
Event: 33.900 Thread 0x00007faef8954800 Exception <a 'java/lang/ClassNotFoundException': org/springframework/web/servlet/view/UrlBasedViewResolverCustomizer> (0x0000000176dfc5f0) thrown at [/Users/java_re/workspace/8-2-build-macosx-x86_64/jdk8u60/4407/hotspot/src/share/vm/classfile/systemDictio
Event: 33.902 Thread 0x00007faef8954800 Exception <a 'java/lang/ClassNotFoundException': org/springframework/web/servlet/view/InternalResourceViewResolverCustomizer> (0x0000000176e266a8) thrown at [/Users/java_re/workspace/8-2-build-macosx-x86_64/jdk8u60/4407/hotspot/src/share/vm/classfile/syst
Event: 33.909 Thread 0x00007faef8954800 Exception <a 'java/lang/ClassNotFoundException': org/springframework/web/servlet/support/SessionFlashMapManagerBeanInfo> (0x0000000176e8b578) thrown at [/Users/java_re/workspace/8-2-build-macosx-x86_64/jdk8u60/4407/hotspot/src/share/vm/classfile/systemDic
Event: 33.910 Thread 0x00007faef8954800 Exception <a 'java/lang/ClassNotFoundException': org/springframework/web/servlet/support/AbstractFlashMapManagerBeanInfo> (0x0000000176ea1aa0) thrown at [/Users/java_re/workspace/8-2-build-macosx-x86_64/jdk8u60/4407/hotspot/src/share/vm/classfile/systemDi
Event: 33.912 Thread 0x00007faef8954800 Exception <a 'java/lang/ClassNotFoundException': org/springframework/web/servlet/support/AbstractFlashMapManagerCustomizer> (0x0000000176eb8168) thrown at [/Users/java_re/workspace/8-2-build-macosx-x86_64/jdk8u60/4407/hotspot/src/share/vm/classfile/system
Event: 33.915 Thread 0x00007faef8954800 Exception <a 'java/lang/ClassNotFoundException': org/springframework/web/servlet/support/SessionFlashMapManagerCustomizer> (0x0000000176ed5ac8) thrown at [/Users/java_re/workspace/8-2-build-macosx-x86_64/jdk8u60/4407/hotspot/src/share/vm/classfile/systemD

Events (10 events):
Event: 1719.675 Executing VM operation: ChangeBreakpoints
Event: 1719.675 Executing VM operation: ChangeBreakpoints done
Event: 1719.675 Executing VM operation: ChangeBreakpoints
Event: 1719.675 Executing VM operation: ChangeBreakpoints done
Event: 1719.675 Executing VM operation: ChangeBreakpoints
Event: 1719.675 Executing VM operation: ChangeBreakpoints done
Event: 1719.680 Executing VM operation: RedefineClasses
Event: 1719.744 Executing VM operation: RedefineClasses done
Event: 1719.746 Executing VM operation: RedefineClasses
Event: 1719.783 Executing VM operation: RedefineClasses done


Dynamic libraries:
0x000000000d8c5000 	/System/Library/Frameworks/Cocoa.framework/Versions/A/Cocoa
0x000000000d8c5000 	/System/Library/Frameworks/Security.framework/Versions/A/Security
0x000000000d8c5000 	/System/Library/Frameworks/ApplicationServices.framework/Versions/A/ApplicationServices
0x000000000d8c5000 	/usr/lib/libz.1.dylib
0x000000000d8c5000 	/usr/lib/libSystem.B.dylib
0x000000000d8c5000 	/usr/lib/libobjc.A.dylib
0x000000000d8c5000 	/System/Library/Frameworks/CoreFoundation.framework/Versions/A/CoreFoundation
0x000000000d8c5000 	/System/Library/Frameworks/Foundation.framework/Versions/C/Foundation
0x000000000d8c5000 	/System/Library/Frameworks/AppKit.framework/Versions/C/AppKit
0x000000000d8c5000 	/System/Library/Frameworks/CoreData.framework/Versions/A/CoreData
0x000000000d8c5000 	/System/Library/PrivateFrameworks/RemoteViewServices.framework/Versions/A/RemoteViewServices
0x000000000d8c5000 	/System/Library/PrivateFrameworks/UIFoundation.framework/Versions/A/UIFoundation
0x000000000d8c5000 	/System/Library/Frameworks/IOSurface.framework/Versions/A/IOSurface
0x000000000d8c5000 	/System/Library/Frameworks/AudioToolbox.framework/Versions/A/AudioToolbox
0x000000000d8c5000 	/System/Library/Frameworks/AudioUnit.framework/Versions/A/AudioUnit
0x000000000d8c5000 	/System/Library/PrivateFrameworks/DataDetectorsCore.framework/Versions/A/DataDetectorsCore
0x000000000d8c5000 	/System/Library/PrivateFrameworks/DesktopServicesPriv.framework/Versions/A/DesktopServicesPriv
0x000000000d8c5000 	/System/Library/Frameworks/Carbon.framework/Versions/A/Frameworks/HIToolbox.framework/Versions/A/HIToolbox
0x000000000d8c5000 	/System/Library/Frameworks/QuartzCore.framework/Versions/A/QuartzCore
0x000000000d8c5000 	/System/Library/Frameworks/Carbon.framework/Versions/A/Frameworks/SpeechRecognition.framework/Versions/A/SpeechRecognition
0x000000000d8c5000 	/usr/lib/libauto.dylib
0x000000000d8c5000 	/usr/lib/libicucore.A.dylib
0x000000000d8c5000 	/usr/lib/libxml2.2.dylib
0x000000000d8c5000 	/System/Library/PrivateFrameworks/CoreUI.framework/Versions/A/CoreUI
0x000000000d8c5000 	/System/Library/Frameworks/CoreAudio.framework/Versions/A/CoreAudio
0x000000000d8c5000 	/System/Library/Frameworks/DiskArbitration.framework/Versions/A/DiskArbitration
0x000000000d8c5000 	/usr/lib/liblangid.dylib
0x000000000d8c5000 	/System/Library/PrivateFrameworks/MultitouchSupport.framework/Versions/A/MultitouchSupport
0x000000000d8c5000 	/System/Library/Frameworks/IOKit.framework/Versions/A/IOKit
0x000000000d8c5000 	/usr/lib/libDiagnosticMessagesClient.dylib
0x000000000d8c5000 	/System/Library/Frameworks/CoreServices.framework/Versions/A/CoreServices
0x000000000d8c5000 	/System/Library/PrivateFrameworks/PerformanceAnalysis.framework/Versions/A/PerformanceAnalysis
0x000000000d8c5000 	/System/Library/PrivateFrameworks/GenerationalStorage.framework/Versions/A/GenerationalStorage
0x000000000d8c5000 	/System/Library/Frameworks/OpenGL.framework/Versions/A/OpenGL
0x000000000d8c5000 	/System/Library/PrivateFrameworks/Sharing.framework/Versions/A/Sharing
0x000000000d8c5000 	/System/Library/Frameworks/CoreGraphics.framework/Versions/A/CoreGraphics
0x000000000d8c5000 	/System/Library/Frameworks/CoreText.framework/Versions/A/CoreText
0x000000000d8c5000 	/System/Library/Frameworks/ImageIO.framework/Versions/A/ImageIO
0x000000000d8c5000 	/usr/lib/libextension.dylib
0x000000000d8c5000 	/System/Library/PrivateFrameworks/Backup.framework/Versions/A/Backup
0x000000000d8c5000 	/usr/lib/libarchive.2.dylib
0x000000000d8c5000 	/System/Library/Frameworks/CFNetwork.framework/Versions/A/CFNetwork
0x000000000d8c5000 	/System/Library/Frameworks/SystemConfiguration.framework/Versions/A/SystemConfiguration
0x000000000d8c5000 	/usr/lib/libCRFSuite.dylib
0x000000000d8c5000 	/usr/lib/libc++.1.dylib
0x000000000d8c5000 	/usr/lib/libc++abi.dylib
0x000000000d8c5000 	/usr/lib/system/libcache.dylib
0x000000000d8c5000 	/usr/lib/system/libcommonCrypto.dylib
0x000000000d8c5000 	/usr/lib/system/libcompiler_rt.dylib
0x000000000d8c5000 	/usr/lib/system/libcopyfile.dylib
0x000000000d8c5000 	/usr/lib/system/libcorecrypto.dylib
0x000000000d8c5000 	/usr/lib/system/libdispatch.dylib
0x000000000d8c5000 	/usr/lib/system/libdyld.dylib
0x000000000d8c5000 	/usr/lib/system/libkeymgr.dylib
0x000000000d8c5000 	/usr/lib/system/liblaunch.dylib
0x000000000d8c5000 	/usr/lib/system/libmacho.dylib
0x000000000d8c5000 	/usr/lib/system/libquarantine.dylib
0x000000000d8c5000 	/usr/lib/system/libremovefile.dylib
0x000000000d8c5000 	/usr/lib/system/libsystem_asl.dylib
0x000000000d8c5000 	/usr/lib/system/libsystem_blocks.dylib
0x000000000d8c5000 	/usr/lib/system/libsystem_c.dylib
0x000000000d8c5000 	/usr/lib/system/libsystem_configuration.dylib
0x000000000d8c5000 	/usr/lib/system/libsystem_coreservices.dylib
0x000000000d8c5000 	/usr/lib/system/libsystem_coretls.dylib
0x000000000d8c5000 	/usr/lib/system/libsystem_dnssd.dylib
0x000000000d8c5000 	/usr/lib/system/libsystem_info.dylib
0x000000000d8c5000 	/usr/lib/system/libsystem_kernel.dylib
0x000000000d8c5000 	/usr/lib/system/libsystem_m.dylib
0x000000000d8c5000 	/usr/lib/system/libsystem_malloc.dylib
0x000000000d8c5000 	/usr/lib/system/libsystem_network.dylib
0x000000000d8c5000 	/usr/lib/system/libsystem_networkextension.dylib
0x000000000d8c5000 	/usr/lib/system/libsystem_notify.dylib
0x000000000d8c5000 	/usr/lib/system/libsystem_platform.dylib
0x000000000d8c5000 	/usr/lib/system/libsystem_pthread.dylib
0x000000000d8c5000 	/usr/lib/system/libsystem_sandbox.dylib
0x000000000d8c5000 	/usr/lib/system/libsystem_secinit.dylib
0x000000000d8c5000 	/usr/lib/system/libsystem_stats.dylib
0x000000000d8c5000 	/usr/lib/system/libsystem_trace.dylib
0x000000000d8c5000 	/usr/lib/system/libunc.dylib
0x000000000d8c5000 	/usr/lib/system/libunwind.dylib
0x000000000d8c5000 	/usr/lib/system/libxpc.dylib
0x000000000d8c5000 	/usr/lib/libbz2.1.0.dylib
0x000000000d8c5000 	/usr/lib/liblzma.5.dylib
0x000000000d8c5000 	/usr/lib/libbsm.0.dylib
0x000000000d8c5000 	/usr/lib/libsqlite3.dylib
0x000000000d8c5000 	/usr/lib/system/libkxld.dylib
0x000000000d8c5000 	/usr/lib/libxar.1.dylib
0x000000000d8c5000 	/usr/lib/libpam.2.dylib
0x000000000d8c5000 	/usr/lib/libOpenScriptingUtil.dylib
0x000000000d8c5000 	/System/Library/Frameworks/CoreServices.framework/Versions/A/Frameworks/FSEvents.framework/Versions/A/FSEvents
0x000000000d8c5000 	/System/Library/Frameworks/CoreServices.framework/Versions/A/Frameworks/CarbonCore.framework/Versions/A/CarbonCore
0x000000000d8c5000 	/System/Library/Frameworks/CoreServices.framework/Versions/A/Frameworks/Metadata.framework/Versions/A/Metadata
0x000000000d8c5000 	/System/Library/Frameworks/CoreServices.framework/Versions/A/Frameworks/OSServices.framework/Versions/A/OSServices
0x000000000d8c5000 	/System/Library/Frameworks/CoreServices.framework/Versions/A/Frameworks/SearchKit.framework/Versions/A/SearchKit
0x000000000d8c5000 	/System/Library/Frameworks/CoreServices.framework/Versions/A/Frameworks/AE.framework/Versions/A/AE
0x000000000d8c5000 	/System/Library/Frameworks/CoreServices.framework/Versions/A/Frameworks/LaunchServices.framework/Versions/A/LaunchServices
0x000000000d8c5000 	/System/Library/Frameworks/CoreServices.framework/Versions/A/Frameworks/DictionaryServices.framework/Versions/A/DictionaryServices
0x000000000d8c5000 	/System/Library/Frameworks/NetFS.framework/Versions/A/NetFS
0x000000000d8c5000 	/System/Library/PrivateFrameworks/NetAuth.framework/Versions/A/NetAuth
0x000000000d8c5000 	/System/Library/PrivateFrameworks/login.framework/Versions/A/Frameworks/loginsupport.framework/Versions/A/loginsupport
0x000000000d8c5000 	/System/Library/PrivateFrameworks/TCC.framework/Versions/A/TCC
0x000000000d8c5000 	/usr/lib/libmecabra.dylib
0x000000000d8c5000 	/System/Library/Frameworks/ApplicationServices.framework/Versions/A/Frameworks/ATS.framework/Versions/A/ATS
0x000000000d8c5000 	/System/Library/Frameworks/ApplicationServices.framework/Versions/A/Frameworks/ColorSync.framework/Versions/A/ColorSync
0x000000000d8c5000 	/System/Library/Frameworks/ApplicationServices.framework/Versions/A/Frameworks/HIServices.framework/Versions/A/HIServices
0x000000000d8c5000 	/System/Library/Frameworks/ApplicationServices.framework/Versions/A/Frameworks/LangAnalysis.framework/Versions/A/LangAnalysis
0x000000000d8c5000 	/System/Library/Frameworks/ApplicationServices.framework/Versions/A/Frameworks/PrintCore.framework/Versions/A/PrintCore
0x000000000d8c5000 	/System/Library/Frameworks/ApplicationServices.framework/Versions/A/Frameworks/QD.framework/Versions/A/QD
0x000000000d8c5000 	/System/Library/Frameworks/ApplicationServices.framework/Versions/A/Frameworks/SpeechSynthesis.framework/Versions/A/SpeechSynthesis
0x000000000d8c5000 	/System/Library/Frameworks/Accelerate.framework/Versions/A/Accelerate
0x000000000d8c5000 	/System/Library/Frameworks/Accelerate.framework/Versions/A/Frameworks/vImage.framework/Versions/A/vImage
0x000000000d8c5000 	/System/Library/Frameworks/Accelerate.framework/Versions/A/Frameworks/vecLib.framework/Versions/A/vecLib
0x000000000d8c5000 	/System/Library/Frameworks/Accelerate.framework/Versions/A/Frameworks/vecLib.framework/Versions/A/libvDSP.dylib
0x000000000d8c5000 	/System/Library/Frameworks/Accelerate.framework/Versions/A/Frameworks/vecLib.framework/Versions/A/libvMisc.dylib
0x000000000d8c5000 	/System/Library/Frameworks/Accelerate.framework/Versions/A/Frameworks/vecLib.framework/Versions/A/libLAPACK.dylib
0x000000000d8c5000 	/System/Library/Frameworks/Accelerate.framework/Versions/A/Frameworks/vecLib.framework/Versions/A/libBLAS.dylib
0x000000000d8c5000 	/System/Library/Frameworks/Accelerate.framework/Versions/A/Frameworks/vecLib.framework/Versions/A/libLinearAlgebra.dylib
0x000000000d8c5000 	/System/Library/Frameworks/ApplicationServices.framework/Versions/A/Frameworks/ATS.framework/Versions/A/Resources/libFontParser.dylib
0x000000000d8c5000 	/System/Library/Frameworks/ApplicationServices.framework/Versions/A/Frameworks/ATS.framework/Versions/A/Resources/libFontRegistry.dylib
0x000000000d8c5000 	/System/Library/PrivateFrameworks/AppleVPA.framework/Versions/A/AppleVPA
0x000000000d8c5000 	/System/Library/PrivateFrameworks/AppleJPEG.framework/Versions/A/AppleJPEG
0x000000000d8c5000 	/System/Library/Frameworks/ImageIO.framework/Versions/A/Resources/libJPEG.dylib
0x000000000d8c5000 	/System/Library/Frameworks/ImageIO.framework/Versions/A/Resources/libTIFF.dylib
0x000000000d8c5000 	/System/Library/Frameworks/ImageIO.framework/Versions/A/Resources/libPng.dylib
0x000000000d8c5000 	/System/Library/Frameworks/ImageIO.framework/Versions/A/Resources/libGIF.dylib
0x000000000d8c5000 	/System/Library/Frameworks/ImageIO.framework/Versions/A/Resources/libJP2.dylib
0x000000000d8c5000 	/System/Library/Frameworks/ImageIO.framework/Versions/A/Resources/libRadiance.dylib
0x000000000d8c5000 	/System/Library/Frameworks/CoreVideo.framework/Versions/A/CoreVideo
0x000000000d8c5000 	/System/Library/Frameworks/OpenGL.framework/Versions/A/Libraries/libGLU.dylib
0x000000000d8c5000 	/System/Library/Frameworks/OpenGL.framework/Versions/A/Libraries/libGFXShared.dylib
0x000000000d8c5000 	/System/Library/Frameworks/OpenGL.framework/Versions/A/Libraries/libGL.dylib
0x000000000d8c5000 	/System/Library/Frameworks/OpenGL.framework/Versions/A/Libraries/libGLImage.dylib
0x000000000d8c5000 	/System/Library/Frameworks/OpenGL.framework/Versions/A/Libraries/libCVMSPluginSupport.dylib
0x000000000d8c5000 	/System/Library/Frameworks/OpenGL.framework/Versions/A/Libraries/libCoreVMClient.dylib
0x000000000d8c5000 	/usr/lib/libcups.2.dylib
0x000000000d8c5000 	/System/Library/Frameworks/Kerberos.framework/Versions/A/Kerberos
0x000000000d8c5000 	/System/Library/Frameworks/GSS.framework/Versions/A/GSS
0x000000000d8c5000 	/usr/lib/libresolv.9.dylib
0x000000000d8c5000 	/usr/lib/libiconv.2.dylib
0x000000000d8c5000 	/System/Library/PrivateFrameworks/Heimdal.framework/Versions/A/Heimdal
0x000000000d8c5000 	/usr/lib/libheimdal-asn1.dylib
0x000000000d8c5000 	/System/Library/Frameworks/OpenDirectory.framework/Versions/A/OpenDirectory
0x000000000d8c5000 	/System/Library/PrivateFrameworks/CommonAuth.framework/Versions/A/CommonAuth
0x000000000d8c5000 	/System/Library/Frameworks/OpenDirectory.framework/Versions/A/Frameworks/CFOpenDirectory.framework/Versions/A/CFOpenDirectory
0x000000000d8c5000 	/System/Library/Frameworks/SecurityFoundation.framework/Versions/A/SecurityFoundation
0x000000000d8c5000 	/System/Library/PrivateFrameworks/LanguageModeling.framework/Versions/A/LanguageModeling
0x000000000d8c5000 	/usr/lib/libcmph.dylib
0x000000000d8c5000 	/System/Library/Frameworks/ServiceManagement.framework/Versions/A/ServiceManagement
0x000000000d8c5000 	/usr/lib/libxslt.1.dylib
0x000000000d8c5000 	/System/Library/Frameworks/Carbon.framework/Versions/A/Frameworks/Ink.framework/Versions/A/Ink
0x000000000d8c5000 	/System/Library/Frameworks/QuartzCore.framework/Versions/A/Frameworks/CoreImage.framework/Versions/A/CoreImage
0x000000000d8c5000 	/System/Library/PrivateFrameworks/CrashReporterSupport.framework/Versions/A/CrashReporterSupport
0x000000000d8c5000 	/System/Library/Frameworks/OpenCL.framework/Versions/A/OpenCL
0x000000000d8c5000 	/System/Library/PrivateFrameworks/FaceCore.framework/Versions/A/FaceCore
0x000000000d8c5000 	/System/Library/PrivateFrameworks/Ubiquity.framework/Versions/A/Ubiquity
0x000000000d8c5000 	/System/Library/PrivateFrameworks/IconServices.framework/Versions/A/IconServices
0x000000000d8c5000 	/System/Library/PrivateFrameworks/ChunkingLibrary.framework/Versions/A/ChunkingLibrary
0x000000000d8c5000 	/System/Library/PrivateFrameworks/Apple80211.framework/Versions/A/Apple80211
0x000000000d8c5000 	/System/Library/Frameworks/CoreWLAN.framework/Versions/A/CoreWLAN
0x000000000d8c5000 	/System/Library/Frameworks/IOBluetooth.framework/Versions/A/IOBluetooth
0x000000000d8c5000 	/System/Library/PrivateFrameworks/CoreWiFi.framework/Versions/A/CoreWiFi
0x000000000d8c5000 	/System/Library/Frameworks/CoreBluetooth.framework/Versions/A/CoreBluetooth
0x000000000d8c5000 	/System/Library/PrivateFrameworks/DebugSymbols.framework/Versions/A/DebugSymbols
0x000000000d8c5000 	/System/Library/PrivateFrameworks/CoreSymbolication.framework/Versions/A/CoreSymbolication
0x000000000d8c5000 	/System/Library/PrivateFrameworks/Symbolication.framework/Versions/A/Symbolication
0x000000000d8c5000 	/System/Library/PrivateFrameworks/SpeechRecognitionCore.framework/Versions/A/SpeechRecognitionCore
0x000000010e404000 	/System/Library/CoreServices/Encodings/libSimplifiedChineseConverter.dylib
0x000000010ee00000 	/Library/Java/JavaVirtualMachines/jdk1.8.0_60.jdk/Contents/Home/jre/lib/server/libjvm.dylib
0x000000000d8c5000 	/usr/lib/libstdc++.6.dylib
0x000000010e5e4000 	/Library/Java/JavaVirtualMachines/jdk1.8.0_60.jdk/Contents/Home/jre/lib/libverify.dylib
0x000000010fd89000 	/Library/Java/JavaVirtualMachines/jdk1.8.0_60.jdk/Contents/Home/jre/lib/libjava.dylib
0x000000010fdbe000 	/Library/Java/JavaVirtualMachines/jdk1.8.0_60.jdk/Contents/Home/jre/lib/libjdwp.dylib
0x000000010e5f3000 	/Library/Java/JavaVirtualMachines/jdk1.8.0_60.jdk/Contents/Home/jre/lib/libnpt.dylib
0x000000010fe09000 	/Library/Java/JavaVirtualMachines/jdk1.8.0_60.jdk/Contents/Home/jre/lib/libzip.dylib
0x00000001e608f000 	/System/Library/Frameworks/JavaVM.framework/Frameworks/JavaRuntimeSupport.framework/JavaRuntimeSupport
0x00000001e60a5000 	/System/Library/Frameworks/JavaVM.framework/Versions/A/Frameworks/JavaNativeFoundation.framework/Versions/A/JavaNativeFoundation
0x00000001e60b9000 	/System/Library/Frameworks/JavaVM.framework/Versions/A/JavaVM
0x000000000d8c5000 	/System/Library/Frameworks/Carbon.framework/Versions/A/Carbon
0x00000001e60c5000 	/System/Library/PrivateFrameworks/JavaLaunching.framework/Versions/A/JavaLaunching
0x000000000d8c5000 	/System/Library/Frameworks/Carbon.framework/Versions/A/Frameworks/CommonPanels.framework/Versions/A/CommonPanels
0x000000000d8c5000 	/System/Library/Frameworks/Carbon.framework/Versions/A/Frameworks/Help.framework/Versions/A/Help
0x000000000d8c5000 	/System/Library/Frameworks/Carbon.framework/Versions/A/Frameworks/ImageCapture.framework/Versions/A/ImageCapture
0x000000000d8c5000 	/System/Library/Frameworks/Carbon.framework/Versions/A/Frameworks/OpenScripting.framework/Versions/A/OpenScripting
0x000000000d8c5000 	/System/Library/Frameworks/Carbon.framework/Versions/A/Frameworks/Print.framework/Versions/A/Print
0x000000000d8c5000 	/System/Library/Frameworks/Carbon.framework/Versions/A/Frameworks/SecurityHI.framework/Versions/A/SecurityHI
0x00000001e7aab000 	/Library/Java/JavaVirtualMachines/jdk1.8.0_60.jdk/Contents/Home/jre/lib/libdt_socket.dylib
0x00000001e8566000 	/Library/Java/JavaVirtualMachines/jdk1.8.0_60.jdk/Contents/Home/jre/lib/libnet.dylib
0x00000001e8511000 	/Library/Java/JavaVirtualMachines/jdk1.8.0_60.jdk/Contents/Home/jre/lib/libnio.dylib

VM Arguments:
jvm_args: -agentlib:jdwp=transport=dt_socket,address=127.0.0.1:60643,suspend=y,server=n -Dmaven.home=/Applications/IntelliJ IDEA 14.app/Contents/plugins/maven/lib/maven3 -Dclassworlds.conf=/Applications/IntelliJ IDEA 14.app/Contents/plugins/maven/lib/maven3/bin/m2.conf -Dfile.encoding=UTF-8 
java_command: org.codehaus.classworlds.Launcher -Didea.version=14.1.4 -s /Users/wanghongxing/.m2/settings_def.xml -Dmaven.repo.local=/Users/wanghongxing/.m2/repository jetty:run
java_class_path (initial): /Applications/IntelliJ IDEA 14.app/Contents/plugins/maven/lib/maven3/boot/plexus-classworlds-2.4.jar:/Applications/IntelliJ IDEA 14.app/Contents/lib/idea_rt.jar
Launcher Type: SUN_STANDARD

Environment Variables:
JAVA_HOME=/Library/Java/JavaVirtualMachines/jdk1.8.0_60.jdk/Contents/Home
PATH=/usr/local/bin:/usr/bin:/bin:/usr/sbin:/sbin:/usr/local/git/bin:/usr/local/maven/apache-maven-3.0.5/bin
SHELL=/bin/bash

Signal Handlers:
SIGSEGV: [libjvm.dylib+0x5a6d31], sa_mask[0]=11111111011111110111111111111111, sa_flags=SA_ONSTACK|SA_RESTART|SA_SIGINFO
SIGBUS: [libjvm.dylib+0x5a6d31], sa_mask[0]=11111111011111110111111111111111, sa_flags=SA_RESTART|SA_SIGINFO
SIGFPE: [libjvm.dylib+0x480a4c], sa_mask[0]=11111111011111110111111111111111, sa_flags=SA_RESTART|SA_SIGINFO
SIGPIPE: [libjvm.dylib+0x480a4c], sa_mask[0]=11111111011111110111111111111111, sa_flags=SA_RESTART|SA_SIGINFO
SIGXFSZ: [libjvm.dylib+0x480a4c], sa_mask[0]=11111111011111110111111111111111, sa_flags=SA_RESTART|SA_SIGINFO
SIGILL: [libjvm.dylib+0x480a4c], sa_mask[0]=11111111011111110111111111111111, sa_flags=SA_RESTART|SA_SIGINFO
SIGUSR1: SIG_DFL, sa_mask[0]=00000000000000000000000000000000, sa_flags=none
SIGUSR2: [libjvm.dylib+0x48056a], sa_mask[0]=00100000000000000000000000000000, sa_flags=SA_RESTART|SA_SIGINFO
SIGHUP: [libjvm.dylib+0x47eb41], sa_mask[0]=11111111011111110111111111111111, sa_flags=SA_RESTART|SA_SIGINFO
SIGINT: [libjvm.dylib+0x47eb41], sa_mask[0]=11111111011111110111111111111111, sa_flags=SA_RESTART|SA_SIGINFO
SIGTERM: [libjvm.dylib+0x47eb41], sa_mask[0]=11111111011111110111111111111111, sa_flags=SA_RESTART|SA_SIGINFO
SIGQUIT: [libjvm.dylib+0x47eb41], sa_mask[0]=11111111011111110111111111111111, sa_flags=SA_RESTART|SA_SIGINFO


---------------  S Y S T E M  ---------------

OS:Bsduname:Darwin 14.4.0 Darwin Kernel Version 14.4.0: Thu May 28 11:35:04 PDT 2015; root:xnu-2782.30.5~1/RELEASE_X86_64 x86_64
rlimit: STACK 8192k, CORE 0k, NPROC 709, NOFILE 10240, AS infinity
load average:3.05 3.25 3.28

CPU:total 4 (2 cores per cpu, 2 threads per core) family 6 model 61 stepping 4, cmov, cx8, fxsr, mmx, sse, sse2, sse3, ssse3, sse4.1, sse4.2, popcnt, avx, avx2, aes, clmul, erms, 3dnowpref, lzcnt, ht, tsc, tscinvbit, bmi1, bmi2, adx

Memory: 4k page, physical 8388608k(339312k free)

/proc/meminfo:


vm_info: Java HotSpot(TM) 64-Bit Server VM (25.60-b23) for bsd-amd64 JRE (1.8.0_60-b27), built on Aug  4 2015 10:47:24 by "java_re" with gcc 4.2.1 (Based on Apple Inc. build 5658) (LLVM build 2336.11.00)

time: Tue Dec  1 15:30:45 2015
elapsed time: 1719 seconds (0d 0h 28m 39s)

